This is pdfTeX, Version 3.1415926-2.5-1.40.14 (TeX Live 2013/Debian) (format=pdftex 2013.11.11)  21 APR 2014 00:07
entering extended mode
 restricted \write18 enabled.
 %&-line parsing enabled.
**qrcBash.tex
(./qrcBash.tex
\fullhsize=\dimen16
\leftcolumn=\box16
\midcolumn=\box17
 [1{/var/lib/texmf/fonts/map/pdftex/updmap/pdftex.map}]
Underfull \vbox (badness 10000) has occurred while \output is active
\vbox(540.60236+1.55556)x241.84842, glue set 518.60236
.\glue(\topskip) 4.0
.\hbox(6.0+2.0)x241.84842, glue set 6.9823fil
..\glue 0.0 plus 1.0fil minus 1.0fil
..\smallrm h
..\kern-0.23611
..\smallrm t
..\smallrm t
..etc.
.\glue(\parskip) 0.0 plus 1.0
.\glue(\baselineskip) 4.44444
.\hbox(5.55556+1.55556)x241.84842, glue set 41.13719fil
..\hbox(0.0+0.0)x0.0
..\smallrm T
..\smallrm h
..\smallrm i
..\smallrm s
..etc.

 [2] )</usr/share/texlive/texmf-dist/fonts/type1/public/amsfonts/cm/cmbx10.pfb>
</usr/share/texlive/texmf-dist/fonts/type1/public/amsfonts/cm/cmmi10.pfb></usr/
share/texlive/texmf-dist/fonts/type1/public/amsfonts/cm/cmr10.pfb></usr/share/t
exlive/texmf-dist/fonts/type1/public/amsfonts/cm/cmr7.pfb></usr/share/texlive/t
exmf-dist/fonts/type1/public/amsfonts/cm/cmr8.pfb></usr/share/texlive/texmf-dis
t/fonts/type1/public/amsfonts/cm/cmsy10.pfb></usr/share/texlive/texmf-dist/font
s/type1/public/amsfonts/cm/cmti10.pfb></usr/share/texlive/texmf-dist/fonts/type
1/public/amsfonts/cm/cmtt10.pfb>
Output written on qrcBash.pdf (2 pages, 110279 bytes).
PDF statistics:
 43 PDF objects out of 1000 (max. 8388607)
 30 compressed objects within 1 object stream
 0 named destinations out of 1000 (max. 500000)
 1 words of extra memory for PDF output out of 10000 (max. 10000000)

